\BOOKMARK [0][-]{dependencies.0}{Dependencies}{}% 1
\BOOKMARK [0][-]{installation.0}{Installation}{}% 2
\BOOKMARK [1][-]{from-source.1}{From source}{installation.0}% 3
\BOOKMARK [1][-]{using-easy-install.1}{Using easy\137install}{installation.0}% 4
\BOOKMARK [1][-]{binary-packages.1}{Binary packages}{installation.0}% 5
\BOOKMARK [1][-]{development-version.1}{Development version}{installation.0}% 6
\BOOKMARK [0][-]{usage.0}{Usage}{}% 7
\BOOKMARK [1][-]{options.1}{Options}{usage.0}% 8
\BOOKMARK [0][-]{output-formats.0}{Output formats}{}% 9
\BOOKMARK [1][-]{pgf.1}{PGF}{output-formats.0}% 10
\BOOKMARK [1][-]{id2.1}{PSTricks}{output-formats.0}% 11
\BOOKMARK [1][-]{tikz.1}{TikZ}{output-formats.0}% 12
\BOOKMARK [0][-]{labels.0}{Labels}{}% 13
\BOOKMARK [1][-]{label-examples.1}{Label examples}{labels.0}% 14
\BOOKMARK [1][-]{vertical-label-alignment.1}{Vertical label alignment}{labels.0}% 15
\BOOKMARK [0][-]{preprocessing-graphs.0}{Preprocessing graphs}{}% 16
\BOOKMARK [1][-]{examples.1}{Examples}{preprocessing-graphs.0}% 17
\BOOKMARK [0][-]{customizing-the-output.0}{Customizing the output}{}% 18
\BOOKMARK [1][-]{using-styles.1}{Using styles}{customizing-the-output.0}% 19
\BOOKMARK [2][-]{changing-arrow-types.2}{Changing arrow types}{using-styles.1}% 20
\BOOKMARK [2][-]{label-styles.2}{Label styles}{using-styles.1}% 21
\BOOKMARK [2][-]{node-and-edge-options.2}{Node and edge options}{using-styles.1}% 22
\BOOKMARK [0][-]{customizing-edges.0}{Customizing edges}{}% 23
\BOOKMARK [1][-]{tikz-edge-labels.1}{TikZ edge labels}{customizing-edges.0}% 24
\BOOKMARK [1][-]{to-paths.1}{To paths}{customizing-edges.0}% 25
\BOOKMARK [0][-]{color-support.0}{Color support}{}% 26
\BOOKMARK [0][-]{templates.0}{Templates}{}% 27
\BOOKMARK [1][-]{default-pgf-tikz-template.1}{Default PGF/TikZ template}{templates.0}% 28
\BOOKMARK [1][-]{default-pstricks-template.1}{Default pstricks template}{templates.0}% 29
\BOOKMARK [0][-]{special-attributes.0}{Special attributes}{}% 30
\BOOKMARK [0][-]{issues-and-limitations.0}{Issues and limitations}{}% 31
\BOOKMARK [1][-]{text-encoding.1}{Text encoding}{issues-and-limitations.0}% 32
\BOOKMARK [0][-]{tips-and-tricks.0}{Tips and tricks}{}% 33
\BOOKMARK [1][-]{fonts.1}{Fonts}{tips-and-tricks.0}% 34
\BOOKMARK [1][-]{debugging.1}{Debugging}{tips-and-tricks.0}% 35
\BOOKMARK [1][-]{be-consistent.1}{Be consistent}{tips-and-tricks.0}% 36
\BOOKMARK [1][-]{postprocessing.1}{Postprocessing}{tips-and-tricks.0}% 37
\BOOKMARK [1][-]{use-the-special-graph-attributes.1}{Use the special graph attributes}{tips-and-tricks.0}% 38
\BOOKMARK [1][-]{use-the-tikz-output-format-for-maximum-flexibility.1}{Use the tikz output format for maximum flexibility}{tips-and-tricks.0}% 39
\BOOKMARK [1][-]{the-dot2texi-latex-package.1}{The dot2texi LaTeX package}{tips-and-tricks.0}% 40
