This is pdfTeX, Version 3.1415926-2.5-1.40.14 (MiKTeX 2.9) (preloaded format=pdflatex 2015.3.2)  4 MAR 2015 16:47
entering extended mode
**C:/Users/Matt/latexbooks/usage.tex
(C:/Users/Matt/latexbooks/usage.tex
LaTeX2e <2011/06/27>
Babel <v3.8m> and hyphenation patterns for english, afrikaans, ancientgreek, ar
abic, armenian, assamese, basque, bengali, bokmal, bulgarian, catalan, coptic, 
croatian, czech, danish, dutch, esperanto, estonian, farsi, finnish, french, ga
lician, german, german-x-2013-05-26, greek, gujarati, hindi, hungarian, iceland
ic, indonesian, interlingua, irish, italian, kannada, kurmanji, latin, latvian,
 lithuanian, malayalam, marathi, mongolian, mongolianlmc, monogreek, ngerman, n
german-x-2013-05-26, nynorsk, oriya, panjabi, pinyin, polish, portuguese, roman
ian, russian, sanskrit, serbian, slovak, slovenian, spanish, swedish, swissgerm
an, tamil, telugu, turkish, turkmen, ukenglish, ukrainian, uppersorbian, usengl
ishmax, welsh, loaded.
("C:\Program Files (x86)\MiKTeX 2.9\tex\latex\base\article.cls"
Document Class: article 2007/10/19 v1.4h Standard LaTeX document class
("C:\Program Files (x86)\MiKTeX 2.9\tex\latex\base\size10.clo"
File: size10.clo 2007/10/19 v1.4h Standard LaTeX file (size option)
)
\c@part=\count79
\c@section=\count80
\c@subsection=\count81
\c@subsubsection=\count82
\c@paragraph=\count83
\c@subparagraph=\count84
\c@figure=\count85
\c@table=\count86
\abovecaptionskip=\skip41
\belowcaptionskip=\skip42
\bibindent=\dimen102
)
("C:\Program Files (x86)\MiKTeX 2.9\tex\generic\babel\babel.sty"
Package: babel 2008/07/08 v3.8m The Babel package

*************************************
* Local config file bblopts.cfg used
*
("C:\Program Files (x86)\MiKTeX 2.9\tex\latex\00miktex\bblopts.cfg"
File: bblopts.cfg 2006/07/31 v1.0 MiKTeX 'babel' configuration
)
("C:\Program Files (x86)\MiKTeX 2.9\tex\generic\babel\english.ldf"
Language: english 2005/03/30 v3.3o English support from the babel system

("C:\Program Files (x86)\MiKTeX 2.9\tex\generic\babel\babel.def"
File: babel.def 2008/07/08 v3.8m Babel common definitions
\babel@savecnt=\count87
\U@D=\dimen103
)
\l@canadian = a dialect from \language\l@american 
\l@australian = a dialect from \language\l@british 
\l@newzealand = a dialect from \language\l@british 
))
("C:\Program Files (x86)\MiKTeX 2.9\tex\latex\ae\ae.sty"
Package: ae 2001/02/12 1.3 Almost European Computer Modern

("C:\Program Files (x86)\MiKTeX 2.9\tex\latex\base\fontenc.sty"
Package: fontenc 2005/09/27 v1.99g Standard LaTeX package

("C:\Program Files (x86)\MiKTeX 2.9\tex\latex\base\t1enc.def"
File: t1enc.def 2005/09/27 v1.99g Standard LaTeX file
LaTeX Font Info:    Redeclaring font encoding T1 on input line 43.
)
LaTeX Font Info:    Try loading font information for T1+aer on input line 100.

("C:\Program Files (x86)\MiKTeX 2.9\tex\latex\ae\t1aer.fd"
File: t1aer.fd 1997/11/16 Font definitions for T1/aer.
)))
("C:\Program Files (x86)\MiKTeX 2.9\tex\latex\aeguill\aeguill.sty"
Package: aeguill 2003/08/02 1.02 AE fonts with french guillemets (D. Roegel)
)
("C:\Program Files (x86)\MiKTeX 2.9\tex\latex\base\shortvrb.sty"
Package: shortvrb 2010/02/04 v2.1e Standard LaTeX documentation package (FMi)
)
("C:\Program Files (x86)\MiKTeX 2.9\tex\latex\base\inputenc.sty"
Package: inputenc 2008/03/30 v1.1d Input encoding file
\inpenc@prehook=\toks14
\inpenc@posthook=\toks15

("C:\Program Files (x86)\MiKTeX 2.9\tex\latex\base\latin1.def"
File: latin1.def 2008/03/30 v1.1d Input encoding file
))
("C:\Program Files (x86)\MiKTeX 2.9\tex\latex\tools\tabularx.sty"
Package: tabularx 1999/01/07 v2.07 `tabularx' package (DPC)

("C:\Program Files (x86)\MiKTeX 2.9\tex\latex\tools\array.sty"
Package: array 2008/09/09 v2.4c Tabular extension package (FMi)
\col@sep=\dimen104
\extrarowheight=\dimen105
\NC@list=\toks16
\extratabsurround=\skip43
\backup@length=\skip44
)
\TX@col@width=\dimen106
\TX@old@table=\dimen107
\TX@old@col=\dimen108
\TX@target=\dimen109
\TX@delta=\dimen110
\TX@cols=\count88
\TX@ftn=\toks17
)
("C:\Program Files (x86)\MiKTeX 2.9\tex\latex\tools\longtable.sty"
Package: longtable 2004/02/01 v4.11 Multi-page Table package (DPC)
\LTleft=\skip45
\LTright=\skip46
\LTpre=\skip47
\LTpost=\skip48
\LTchunksize=\count89
\LTcapwidth=\dimen111
\LT@head=\box26
\LT@firsthead=\box27
\LT@foot=\box28
\LT@lastfoot=\box29
\LT@cols=\count90
\LT@rows=\count91
\c@LT@tables=\count92
\c@LT@chunks=\count93
\LT@p@ftn=\toks18
)
("C:\Program Files (x86)\MiKTeX 2.9\tex\latex\amsmath\amsmath.sty"
Package: amsmath 2013/01/14 v2.14 AMS math features
\@mathmargin=\skip49

For additional information on amsmath, use the `?' option.
("C:\Program Files (x86)\MiKTeX 2.9\tex\latex\amsmath\amstext.sty"
Package: amstext 2000/06/29 v2.01

("C:\Program Files (x86)\MiKTeX 2.9\tex\latex\amsmath\amsgen.sty"
File: amsgen.sty 1999/11/30 v2.0
\@emptytoks=\toks19
\ex@=\dimen112
))
("C:\Program Files (x86)\MiKTeX 2.9\tex\latex\amsmath\amsbsy.sty"
Package: amsbsy 1999/11/29 v1.2d
\pmbraise@=\dimen113
)
("C:\Program Files (x86)\MiKTeX 2.9\tex\latex\amsmath\amsopn.sty"
Package: amsopn 1999/12/14 v2.01 operator names
)
\inf@bad=\count94
LaTeX Info: Redefining \frac on input line 210.
\uproot@=\count95
\leftroot@=\count96
LaTeX Info: Redefining \overline on input line 306.
\classnum@=\count97
\DOTSCASE@=\count98
LaTeX Info: Redefining \ldots on input line 378.
LaTeX Info: Redefining \dots on input line 381.
LaTeX Info: Redefining \cdots on input line 466.
\Mathstrutbox@=\box30
\strutbox@=\box31
\big@size=\dimen114
LaTeX Font Info:    Redeclaring font encoding OML on input line 566.
LaTeX Font Info:    Redeclaring font encoding OMS on input line 567.
\macc@depth=\count99
\c@MaxMatrixCols=\count100
\dotsspace@=\muskip10
\c@parentequation=\count101
\dspbrk@lvl=\count102
\tag@help=\toks20
\row@=\count103
\column@=\count104
\maxfields@=\count105
\andhelp@=\toks21
\eqnshift@=\dimen115
\alignsep@=\dimen116
\tagshift@=\dimen117
\tagwidth@=\dimen118
\totwidth@=\dimen119
\lineht@=\dimen120
\@envbody=\toks22
\multlinegap=\skip50
\multlinetaggap=\skip51
\mathdisplay@stack=\toks23
LaTeX Info: Redefining \[ on input line 2665.
LaTeX Info: Redefining \] on input line 2666.
)
("C:\Program Files (x86)\MiKTeX 2.9\tex\latex\graphics\graphicx.sty"
Package: graphicx 1999/02/16 v1.0f Enhanced LaTeX Graphics (DPC,SPQR)

("C:\Program Files (x86)\MiKTeX 2.9\tex\latex\graphics\keyval.sty"
Package: keyval 1999/03/16 v1.13 key=value parser (DPC)
\KV@toks@=\toks24
)
("C:\Program Files (x86)\MiKTeX 2.9\tex\latex\graphics\graphics.sty"
Package: graphics 2009/02/05 v1.0o Standard LaTeX Graphics (DPC,SPQR)

("C:\Program Files (x86)\MiKTeX 2.9\tex\latex\graphics\trig.sty"
Package: trig 1999/03/16 v1.09 sin cos tan (DPC)
)
("C:\Program Files (x86)\MiKTeX 2.9\tex\latex\00miktex\graphics.cfg"
File: graphics.cfg 2007/01/18 v1.5 graphics configuration of teTeX/TeXLive
)
Package graphics Info: Driver file: pdftex.def on input line 91.

("C:\Program Files (x86)\MiKTeX 2.9\tex\latex\pdftex-def\pdftex.def"
File: pdftex.def 2011/05/27 v0.06d Graphics/color for pdfTeX

("C:\Program Files (x86)\MiKTeX 2.9\tex\generic\oberdiek\infwarerr.sty"
Package: infwarerr 2010/04/08 v1.3 Providing info/warning/error messages (HO)
)
("C:\Program Files (x86)\MiKTeX 2.9\tex\generic\oberdiek\ltxcmds.sty"
Package: ltxcmds 2011/11/09 v1.22 LaTeX kernel commands for general use (HO)
)
\Gread@gobject=\count106
))
\Gin@req@height=\dimen121
\Gin@req@width=\dimen122
)
("C:\Program Files (x86)\MiKTeX 2.9\tex\latex\graphics\color.sty"
Package: color 2005/11/14 v1.0j Standard LaTeX Color (DPC)

("C:\Program Files (x86)\MiKTeX 2.9\tex\latex\00miktex\color.cfg"
File: color.cfg 2007/01/18 v1.5 color configuration of teTeX/TeXLive
)
Package color Info: Driver file: pdftex.def on input line 130.
)
("C:\Program Files (x86)\MiKTeX 2.9\tex\latex\multirow\multirow.sty"
\bigstrutjot=\dimen123
)
("C:\Program Files (x86)\MiKTeX 2.9\tex\latex\float\float.sty"
Package: float 2001/11/08 v1.3d Float enhancements (AL)
\c@float@type=\count107
\float@exts=\toks25
\float@box=\box32
\@float@everytoks=\toks26
\@floatcapt=\box33
)
("C:\Program Files (x86)\MiKTeX 2.9\tex\latex\base\ifthen.sty"
Package: ifthen 2001/05/26 v1.1c Standard LaTeX ifthen package (DPC)
)
("C:\Program Files (x86)\MiKTeX 2.9\tex\latex\koma-script\typearea.sty"
Package: typearea 2015/02/07 v3.16 KOMA-Script package (type area)

Package typearea, 2015/02/07 v3.16 KOMA-Script package (type area)
                  Copyright (C) Frank Neukam, 1992-1994
                  Copyright (C) Markus Kohm, 1994-

("C:\Program Files (x86)\MiKTeX 2.9\tex\latex\koma-script\scrkbase.sty"
Package: scrkbase 2015/02/07 v3.16 KOMA-Script package (KOMA-Script-dependent b
asics and keyval usage)

("C:\Program Files (x86)\MiKTeX 2.9\tex\latex\koma-script\scrbase.sty"
Package: scrbase 2015/02/07 v3.16 KOMA-Script package (KOMA-Script-independent 
basics and keyval usage)

("C:\Program Files (x86)\MiKTeX 2.9\tex\latex\koma-script\scrlfile.sty"
Package: scrlfile 2015/02/07 v3.16 KOMA-Script package (loading files)

Package scrlfile, 2015/02/07 v3.16 KOMA-Script package (loading files)
                  Copyright (C) Markus Kohm

)))
\ta@bcor=\skip52
\ta@div=\count108
Package typearea Info: You've used standard option `a4paper'.
(typearea)             This is correct!
(typearea)             Internally I'm using `paper=a4'.
(typearea)             If you'd like to set the option with \KOMAoptions,
(typearea)             you'd have to use `paper=a4' there
(typearea)             instead of `a4paper', too.
\ta@hblk=\skip53
\ta@vblk=\skip54
\ta@temp=\skip55
\footheight=\skip56


Package typearea Warning: Bad type area settings!
(typearea)                The detected line width is about 25%
(typearea)                larger than the heuristically detected line width.
(typearea)                You should e.g. decrease DIV, increase fontsize
(typearea)                or change papersize.

Package typearea Info: These are the values describing the layout:
(typearea)             DIV  = 12
(typearea)             BCOR = 0.0pt
(typearea)             \paperwidth      = 597.50793pt
(typearea)              \textwidth      = 448.13095pt
(typearea)              DIV departure   = -25%
(typearea)              \evensidemargin = 2.4185pt
(typearea)              \oddsidemargin  = 2.4185pt
(typearea)             \paperheight     = 845.04694pt
(typearea)              \textheight     = 634.0pt
(typearea)              \topmargin      = -34.84941pt
(typearea)              \headheight     = 15.0pt
(typearea)              \headsep        = 18.0pt
(typearea)              \topskip        = 10.0pt
(typearea)              \footskip       = 42.0pt
(typearea)              \baselineskip   = 12.0pt
(typearea)              on input line 1342.
)
\admonitionwidth=\skip57
\docinfowidth=\skip58
\locallinewidth=\skip59
\lineblockindentation=\skip60
 ("C:\Program Files (x86)\MiKTeX 2.9\tex\latex\hyperref\hyperref.sty"
Package: hyperref 2012/11/06 v6.83m Hypertext links for LaTeX

("C:\Program Files (x86)\MiKTeX 2.9\tex\generic\oberdiek\hobsub-hyperref.sty"
Package: hobsub-hyperref 2012/04/25 v1.12 Bundle oberdiek, subset hyperref (HO)


("C:\Program Files (x86)\MiKTeX 2.9\tex\generic\oberdiek\hobsub-generic.sty"
Package: hobsub-generic 2012/04/25 v1.12 Bundle oberdiek, subset generic (HO)
Package: hobsub 2012/04/25 v1.12 Construct package bundles (HO)
Package hobsub Info: Skipping package `infwarerr' (already loaded).
Package hobsub Info: Skipping package `ltxcmds' (already loaded).
Package: ifluatex 2010/03/01 v1.3 Provides the ifluatex switch (HO)
Package ifluatex Info: LuaTeX not detected.
Package: ifvtex 2010/03/01 v1.5 Detect VTeX and its facilities (HO)
Package ifvtex Info: VTeX not detected.
Package: intcalc 2007/09/27 v1.1 Expandable calculations with integers (HO)
Package: ifpdf 2011/01/30 v2.3 Provides the ifpdf switch (HO)
Package ifpdf Info: pdfTeX in PDF mode is detected.
Package: etexcmds 2011/02/16 v1.5 Avoid name clashes with e-TeX commands (HO)
Package etexcmds Info: Could not find \expanded.
(etexcmds)             That can mean that you are not using pdfTeX 1.50 or
(etexcmds)             that some package has redefined \expanded.
(etexcmds)             In the latter case, load this package earlier.
Package: kvsetkeys 2012/04/25 v1.16 Key value parser (HO)
Package: kvdefinekeys 2011/04/07 v1.3 Define keys (HO)
Package: pdftexcmds 2011/11/29 v0.20 Utility functions of pdfTeX for LuaTeX (HO
)
Package pdftexcmds Info: LuaTeX not detected.
Package pdftexcmds Info: \pdf@primitive is available.
Package pdftexcmds Info: \pdf@ifprimitive is available.
Package pdftexcmds Info: \pdfdraftmode found.
Package: pdfescape 2011/11/25 v1.13 Implements pdfTeX's escape features (HO)
Package: bigintcalc 2012/04/08 v1.3 Expandable calculations on big integers (HO
)
Package: bitset 2011/01/30 v1.1 Handle bit-vector datatype (HO)
Package: uniquecounter 2011/01/30 v1.2 Provide unlimited unique counter (HO)
)
Package hobsub Info: Skipping package `hobsub' (already loaded).
Package: letltxmacro 2010/09/02 v1.4 Let assignment for LaTeX macros (HO)
Package: hopatch 2011/06/24 v1.1 Wrapper for package hooks (HO)
Package: xcolor-patch 2011/01/30 xcolor patch
Package: atveryend 2011/06/30 v1.8 Hooks at the very end of document (HO)
Package atveryend Info: \enddocument detected (standard20110627).
Package: atbegshi 2011/10/05 v1.16 At begin shipout hook (HO)
Package: refcount 2011/10/16 v3.4 Data extraction from label references (HO)
Package: hycolor 2011/01/30 v1.7 Color options for hyperref/bookmark (HO)
)
("C:\Program Files (x86)\MiKTeX 2.9\tex\generic\ifxetex\ifxetex.sty"
Package: ifxetex 2010/09/12 v0.6 Provides ifxetex conditional
)
("C:\Program Files (x86)\MiKTeX 2.9\tex\latex\oberdiek\auxhook.sty"
Package: auxhook 2011/03/04 v1.3 Hooks for auxiliary files (HO)
)
("C:\Program Files (x86)\MiKTeX 2.9\tex\latex\oberdiek\kvoptions.sty"
Package: kvoptions 2011/06/30 v3.11 Key value format for package options (HO)
)
\@linkdim=\dimen124
\Hy@linkcounter=\count109
\Hy@pagecounter=\count110

("C:\Program Files (x86)\MiKTeX 2.9\tex\latex\hyperref\pd1enc.def"
File: pd1enc.def 2012/11/06 v6.83m Hyperref: PDFDocEncoding definition (HO)
)
\Hy@SavedSpaceFactor=\count111

("C:\Program Files (x86)\MiKTeX 2.9\tex\latex\00miktex\hyperref.cfg"
File: hyperref.cfg 2002/06/06 v1.2 hyperref configuration of TeXLive
)
Package hyperref Info: Option `colorlinks' set `true' on input line 4319.
Package hyperref Info: Hyper figures OFF on input line 4443.
Package hyperref Info: Link nesting OFF on input line 4448.
Package hyperref Info: Hyper index ON on input line 4451.
Package hyperref Info: Plain pages OFF on input line 4458.
Package hyperref Info: Backreferencing OFF on input line 4463.
Package hyperref Info: Implicit mode ON; LaTeX internals redefined.
Package hyperref Info: Bookmarks ON on input line 4688.
\c@Hy@tempcnt=\count112

("C:\Program Files (x86)\MiKTeX 2.9\tex\latex\url\url.sty"
\Urlmuskip=\muskip11
Package: url 2013/09/16  ver 3.4  Verb mode for urls, etc.
)
LaTeX Info: Redefining \url on input line 5041.
\XeTeXLinkMargin=\dimen125
\Fld@menulength=\count113
\Field@Width=\dimen126
\Fld@charsize=\dimen127
Package hyperref Info: Hyper figures OFF on input line 6295.
Package hyperref Info: Link nesting OFF on input line 6300.
Package hyperref Info: Hyper index ON on input line 6303.
Package hyperref Info: backreferencing OFF on input line 6310.
Package hyperref Info: Link coloring ON on input line 6313.
Package hyperref Info: Link coloring with OCG OFF on input line 6320.
Package hyperref Info: PDF/A mode OFF on input line 6325.
LaTeX Info: Redefining \ref on input line 6365.
LaTeX Info: Redefining \pageref on input line 6369.
\Hy@abspage=\count114
\c@Item=\count115
\c@Hfootnote=\count116
)

Package hyperref Message: Driver (autodetected): hpdftex.

("C:\Program Files (x86)\MiKTeX 2.9\tex\latex\hyperref\hpdftex.def"
File: hpdftex.def 2012/11/06 v6.83m Hyperref driver for pdfTeX
\Fld@listcount=\count117
\c@bookmark@seq@number=\count118

("C:\Program Files (x86)\MiKTeX 2.9\tex\latex\oberdiek\rerunfilecheck.sty"
Package: rerunfilecheck 2011/04/15 v1.7 Rerun checks for auxiliary files (HO)
Package uniquecounter Info: New unique counter `rerunfilecheck' on input line 2
82.
)
\Hy@SectionHShift=\skip61
)
(C:\Users\Matt\latexbooks\usage.aux)
LaTeX Font Info:    Checking defaults for OML/cmm/m/it on input line 68.
LaTeX Font Info:    ... okay on input line 68.
LaTeX Font Info:    Checking defaults for T1/cmr/m/n on input line 68.
LaTeX Font Info:    ... okay on input line 68.
LaTeX Font Info:    Checking defaults for OT1/cmr/m/n on input line 68.
LaTeX Font Info:    ... okay on input line 68.
LaTeX Font Info:    Checking defaults for OMS/cmsy/m/n on input line 68.
LaTeX Font Info:    ... okay on input line 68.
LaTeX Font Info:    Checking defaults for OMX/cmex/m/n on input line 68.
LaTeX Font Info:    ... okay on input line 68.
LaTeX Font Info:    Checking defaults for U/cmr/m/n on input line 68.
LaTeX Font Info:    ... okay on input line 68.
LaTeX Font Info:    Checking defaults for PD1/pdf/m/n on input line 68.
LaTeX Font Info:    ... okay on input line 68.

("C:\Program Files (x86)\MiKTeX 2.9\tex\context\base\supp-pdf.mkii"
[Loading MPS to PDF converter (version 2006.09.02).]
\scratchcounter=\count119
\scratchdimen=\dimen128
\scratchbox=\box34
\nofMPsegments=\count120
\nofMParguments=\count121
\everyMPshowfont=\toks27
\MPscratchCnt=\count122
\MPscratchDim=\dimen129
\MPnumerator=\count123
\makeMPintoPDFobject=\count124
\everyMPtoPDFconversion=\toks28
)
\AtBeginShipoutBox=\box35
Package hyperref Info: Link coloring ON on input line 68.
 ("C:\Program Files (x86)\MiKTeX 2.9\tex\latex\hyperref\nameref.sty"
Package: nameref 2012/10/27 v2.43 Cross-referencing by name of section

("C:\Program Files (x86)\MiKTeX 2.9\tex\generic\oberdiek\gettitlestring.sty"
Package: gettitlestring 2010/12/03 v1.4 Cleanup title references (HO)
)
\c@section@level=\count125
)
LaTeX Info: Redefining \ref on input line 68.
LaTeX Info: Redefining \pageref on input line 68.
LaTeX Info: Redefining \nameref on input line 68.

(C:\Users\Matt\latexbooks\usage.out) (C:\Users\Matt\latexbooks\usage.out)
\@outlinefile=\write3
LaTeX Font Info:    Try loading font information for OMS+aer on input line 97.

("C:\Program Files (x86)\MiKTeX 2.9\tex\latex\ae\omsaer.fd"
File: omsaer.fd 1999/12/27
)
LaTeX Font Info:    Font shape `OMS/aer/m/n' in size <10> not available
(Font)              Font shape `OMS/cmsy/m/n' tried instead on input line 97.
LaTeX Font Info:    Try loading font information for T1+aett on input line 160.


("C:\Program Files (x86)\MiKTeX 2.9\tex\latex\ae\t1aett.fd"
File: t1aett.fd 1997/11/16 Font definitions for T1/aett.
)
LaTeX Font Info:    Try loading font information for T1+aess on input line 167.


("C:\Program Files (x86)\MiKTeX 2.9\tex\latex\ae\t1aess.fd"
File: t1aess.fd 1997/11/16 Font definitions for T1/aess.
)

LaTeX Font Warning: Font shape `T1/aett/bx/n' undefined
(Font)              using `T1/aett/m/n' instead on input line 194.

[1

{C:/ProgramData/MiKTeX/2.9/pdftex/config/pdftex.map}]
Overfull \hbox (6.12117pt too wide) in paragraph at lines 236--237
[]\T1/aer/m/n/10 Output only the draw-ing com-mands, with-out wrap-ping it in a
 \T1/aett/bx/n/10 tikzpic-
 []

[2] [3] [4]

pdfTeX warning: pdflatex.EXE (file C:/Users/Matt/latexbooks/pdf/ex1comb.pdf): P
DF inclusion: found PDF version <1.6>, but at most version <1.5> allowed
<pdf/ex1comb.pdf, id=258, 242.95168pt x 186.28296pt>
File: pdf/ex1comb.pdf Graphic file (type pdf)
 <use pdf/ex1comb.pdf>
Package pdftex.def Info: pdf/ex1comb.pdf used on input line 457.
(pdftex.def)             Requested size: 242.95107pt x 186.28249pt.


pdfTeX warning: pdflatex.EXE (file C:/Users/Matt/latexbooks/pdf/ex2.pdf): PDF i
nclusion: found PDF version <1.6>, but at most version <1.5> allowed
<pdf/ex2.pdf, id=259, 83.31125pt x 182.6825pt>
File: pdf/ex2.pdf Graphic file (type pdf)
 <use pdf/ex2.pdf>
Package pdftex.def Info: pdf/ex2.pdf used on input line 470.
(pdftex.def)             Requested size: 83.31104pt x 182.68204pt.
 [5 <C:/Users/Matt/latexbooks/pdf/ex1comb.pdf> <C:/Users/Matt/latexbooks/pdf/ex
2.pdf>]

pdfTeX warning: pdflatex.EXE (file C:/Users/Matt/latexbooks/pdf/texmode.pdf): P
DF inclusion: found PDF version <1.6>, but at most version <1.5> allowed
<pdf/texmode.pdf, id=295, 241.90375pt x 327.2225pt>
File: pdf/texmode.pdf Graphic file (type pdf)
 <use pdf/texmode.pdf>
Package pdftex.def Info: pdf/texmode.pdf used on input line 489.
(pdftex.def)             Requested size: 241.90315pt x 327.2217pt.


pdfTeX warning: pdflatex.EXE (file C:/Users/Matt/latexbooks/pdf/texmodeb.pdf): 
PDF inclusion: found PDF version <1.6>, but at most version <1.5> allowed
<pdf/texmodeb.pdf, id=296, 193.72375pt x 327.2225pt>
File: pdf/texmodeb.pdf Graphic file (type pdf)
 <use pdf/texmodeb.pdf>
Package pdftex.def Info: pdf/texmodeb.pdf used on input line 511.
(pdftex.def)             Requested size: 193.72327pt x 327.2217pt.

[6 <C:/Users/Matt/latexbooks/pdf/texmode.pdf>]

pdfTeX warning: pdflatex.EXE (file C:/Users/Matt/latexbooks/pdf/valignmode0.pdf
): PDF inclusion: found PDF version <1.6>, but at most version <1.5> allowed
<pdf/valignmode0.pdf, id=323, 168.63pt x 38.1425pt>
File: pdf/valignmode0.pdf Graphic file (type pdf)
 <use pdf/valignmode0.pdf>
Package pdftex.def Info: pdf/valignmode0.pdf used on input line 538.
(pdftex.def)             Requested size: 168.62958pt x 38.1424pt.


pdfTeX warning: pdflatex.EXE (file C:/Users/Matt/latexbooks/pdf/valignmode1.pdf
): PDF inclusion: found PDF version <1.6>, but at most version <1.5> allowed
<pdf/valignmode1.pdf, id=324, 168.63pt x 38.1425pt>
File: pdf/valignmode1.pdf Graphic file (type pdf)
 <use pdf/valignmode1.pdf>
Package pdftex.def Info: pdf/valignmode1.pdf used on input line 547.
(pdftex.def)             Requested size: 168.62958pt x 38.1424pt.

[7 <C:/Users/Matt/latexbooks/pdf/texmodeb.pdf> <C:/Users/Matt/latexbooks/pdf/va
lignmode0.pdf> <C:/Users/Matt/latexbooks/pdf/valignmode1.pdf>]

pdfTeX warning: pdflatex.EXE (file C:/Users/Matt/latexbooks/pdf/valignmode2.pdf
): PDF inclusion: found PDF version <1.6>, but at most version <1.5> allowed
<pdf/valignmode2.pdf, id=360, 168.63pt x 38.1425pt>
File: pdf/valignmode2.pdf Graphic file (type pdf)
 <use pdf/valignmode2.pdf>
Package pdftex.def Info: pdf/valignmode2.pdf used on input line 562.
(pdftex.def)             Requested size: 168.62958pt x 38.1424pt.


pdfTeX warning: pdflatex.EXE (file C:/Users/Matt/latexbooks/pdf/valignmode3.pdf
): PDF inclusion: found PDF version <1.6>, but at most version <1.5> allowed
<pdf/valignmode3.pdf, id=361, 155.58125pt x 38.1425pt>
File: pdf/valignmode3.pdf Graphic file (type pdf)

<use pdf/valignmode3.pdf>
Package pdftex.def Info: pdf/valignmode3.pdf used on input line 578.
(pdftex.def)             Requested size: 155.58086pt x 38.1424pt.
\c@listcnt0=\count126
 [8 <C:/Users/Matt/latexbooks/pdf/valignmode2.pdf> <C:/Users/Matt/latexbooks/pd
f/valignmode3.pdf>]

pdfTeX warning: pdflatex.EXE (file C:/Users/Matt/latexbooks/pdf/preproc1a.pdf):
 PDF inclusion: found PDF version <1.6>, but at most version <1.5> allowed
<pdf/preproc1a.pdf, id=381, 91.58516pt x 156.585pt>
File: pdf/preproc1a.pdf Graphic file (type pdf)
 <use pdf/preproc1a.pdf>
Package pdftex.def Info: pdf/preproc1a.pdf used on input line 663.
(pdftex.def)             Requested size: 91.58492pt x 156.58461pt.


pdfTeX warning: pdflatex.EXE (file C:/Users/Matt/latexbooks/pdf/preproc1b.pdf):
 PDF inclusion: found PDF version <1.6>, but at most version <1.5> allowed
<pdf/preproc1b.pdf, id=382, 113.42375pt x 214.8025pt>
File: pdf/preproc1b.pdf Graphic file (type pdf)
 <use pdf/preproc1b.pdf>
Package pdftex.def Info: pdf/preproc1b.pdf used on input line 686.
(pdftex.def)             Requested size: 113.42346pt x 214.80197pt.

[9 <C:/Users/Matt/latexbooks/pdf/preproc1a.pdf>]

pdfTeX warning: pdflatex.EXE (file C:/Users/Matt/latexbooks/pdf/nodewidth1.pdf)
: PDF inclusion: found PDF version <1.6>, but at most version <1.5> allowed
<pdf/nodewidth1.pdf, id=405, 175.65625pt x 252.945pt>
File: pdf/nodewidth1.pdf Graphic file (type pdf)
 <use pdf/nodewidth1.pdf>
Package pdftex.def Info: pdf/nodewidth1.pdf used on input line 709.
(pdftex.def)             Requested size: 175.6558pt x 252.94438pt.

[10 <C:/Users/Matt/latexbooks/pdf/preproc1b.pdf>]

pdfTeX warning: pdflatex.EXE (file C:/Users/Matt/latexbooks/pdf/nodewidth2.pdf)
: PDF inclusion: found PDF version <1.6>, but at most version <1.5> allowed
<pdf/nodewidth2.pdf, id=426, 134.5025pt x 176.66pt>
File: pdf/nodewidth2.pdf Graphic file (type pdf)
 <use pdf/nodewidth2.pdf>
Package pdftex.def Info: pdf/nodewidth2.pdf used on input line 717.
(pdftex.def)             Requested size: 134.50215pt x 176.65956pt.

[11 <C:/Users/Matt/latexbooks/pdf/nodewidth1.pdf> <C:/Users/Matt/latexbooks/pdf
/nodewidth2.pdf>]

pdfTeX warning: pdflatex.EXE (file C:/Users/Matt/latexbooks/pdf/balls.pdf): PDF
 inclusion: found PDF version <1.6>, but at most version <1.5> allowed
<pdf/balls.pdf, id=449, 112.42pt x 110.4125pt>
File: pdf/balls.pdf Graphic file (type pdf)
 <use pdf/balls.pdf>
Package pdftex.def Info: pdf/balls.pdf used on input line 763.
(pdftex.def)             Requested size: 112.41972pt x 110.41222pt.
 [12 <C:/Users/Matt/latexbooks/pdf/balls.pdf>]

pdfTeX warning: pdflatex.EXE (file C:/Users/Matt/latexbooks/pdf/pgfarrows.pdf):
 PDF inclusion: found PDF version <1.6>, but at most version <1.5> allowed
<pdf/pgfarrows.pdf, id=463, 210.7875pt x 216.81pt>
File: pdf/pgfarrows.pdf Graphic file (type pdf)
 <use pdf/pgfarrows.pdf>
Package pdftex.def Info: pdf/pgfarrows.pdf used on input line 808.
(pdftex.def)             Requested size: 210.78699pt x 216.80946pt.

<pdf/ex1gstyle.pdf, id=464, 82.3075pt x 181.67876pt>
File: pdf/ex1gstyle.pdf Graphic file (type pdf)
 <use pdf/ex1gstyle.pdf>
Package pdftex.def Info: pdf/ex1gstyle.pdf used on input line 818.
(pdftex.def)             Requested size: 82.30728pt x 181.6783pt.

[13 <C:/Users/Matt/latexbooks/pdf/pgfarrows.pdf> <C:/Users/Matt/latexbooks/pdf/
ex1gstyle.pdf>] <pdf/pstarrows.pdf, id=484, 167.62625pt x 174.6525pt>
File: pdf/pstarrows.pdf Graphic file (type pdf)

<use pdf/pstarrows.pdf>
Package pdftex.def Info: pdf/pstarrows.pdf used on input line 844.
(pdftex.def)             Requested size: 167.62582pt x 174.65207pt.


pdfTeX warning: pdflatex.EXE (file C:/Users/Matt/latexbooks/pdf/lblstyle.pdf): 
PDF inclusion: found PDF version <1.6>, but at most version <1.5> allowed
<pdf/lblstyle.pdf, id=485, 248.93pt x 74.02455pt>
File: pdf/lblstyle.pdf Graphic file (type pdf)
 <use pdf/lblstyle.pdf>
Package pdftex.def Info: pdf/lblstyle.pdf used on input line 889.
(pdftex.def)             Requested size: 248.92938pt x 74.02435pt.

[14 <C:/Users/Matt/latexbooks/pdf/pstarrows.pdf>] [15 <C:/Users/Matt/latexbooks
/pdf/lblstyle.pdf>] <pdf/tikzedgelabels.pdf, id=517, 320.22336pt x 96.61797pt>
File: pdf/tikzedgelabels.pdf Graphic file (type pdf)

<use pdf/tikzedgelabels.pdf>
Package pdftex.def Info: pdf/tikzedgelabels.pdf used on input line 979.
(pdftex.def)             Requested size: 320.22256pt x 96.61772pt.

<pdf/topaths1.pdf, id=518, 81.30405pt x 106.14696pt>
File: pdf/topaths1.pdf Graphic file (type pdf)
 <use pdf/topaths1.pdf>
Package pdftex.def Info: pdf/topaths1.pdf used on input line 1023.
(pdftex.def)             Requested size: 81.30383pt x 106.14668pt.

[16 <C:/Users/Matt/latexbooks/pdf/tikzedgelabels.pdf>]
<pdf/fsm1.pdf, id=555, 201.1264pt x 182.547pt>
File: pdf/fsm1.pdf Graphic file (type pdf)
 <use pdf/fsm1.pdf>
Package pdftex.def Info: pdf/fsm1.pdf used on input line 1073.
(pdftex.def)             Requested size: 201.12592pt x 182.54654pt.
 [17 <C:/Users/Matt/latexbooks/pdf/topaths1.pdf>] [18 <C:/Users/Matt/latexbooks
/pdf/fsm1.pdf>] [19] [20] [21]

pdfTeX warning: pdflatex.EXE (file C:/Users/Matt/latexbooks/pdf/ex1huge.pdf): P
DF inclusion: found PDF version <1.6>, but at most version <1.5> allowed
<pdf/ex1huge.pdf, id=602, 83.31125pt x 182.6825pt>
File: pdf/ex1huge.pdf Graphic file (type pdf)
 <use pdf/ex1huge.pdf>
Package pdftex.def Info: pdf/ex1huge.pdf used on input line 1412.
(pdftex.def)             Requested size: 83.31104pt x 182.68204pt.

[22 <C:/Users/Matt/latexbooks/pdf/ex1huge.pdf>]
<pdf/consistent.pdf, id=624, 125.29811pt x 160.08609pt>
File: pdf/consistent.pdf Graphic file (type pdf)

<use pdf/consistent.pdf>
Package pdftex.def Info: pdf/consistent.pdf used on input line 1454.
(pdftex.def)             Requested size: 125.29779pt x 160.08568pt.
 [23 <C:/Users/Matt/latexbooks/pdf/consistent.pdf>]
<pdf/pgftikzsimple.pdf, id=668, 168.37003pt x 112.87068pt>
File: pdf/pgftikzsimple.pdf Graphic file (type pdf)

<use pdf/pgftikzsimple.pdf>
Package pdftex.def Info: pdf/pgftikzsimple.pdf used on input line 1517.
(pdftex.def)             Requested size: 168.3696pt x 112.87039pt.
 [24 <C:/Users/Matt/latexbooks/pdf/pgftikzsimple.pdf>]

pdfTeX warning: pdflatex.EXE (file C:/Users/Matt/latexbooks/pdf/dot2texiex1.pdf
): PDF inclusion: found PDF version <1.6>, but at most version <1.5> allowed
<pdf/dot2texiex1.pdf, id=693, 143.78719pt x 137.01187pt>
File: pdf/dot2texiex1.pdf Graphic file (type pdf)

<use pdf/dot2texiex1.pdf>
Package pdftex.def Info: pdf/dot2texiex1.pdf used on input line 1604.
(pdftex.def)             Requested size: 143.78683pt x 137.01154pt.
 [25] [26 <C:/Users/Matt/latexbooks/pdf/dot2texiex1.pdf>]

pdfTeX warning: pdflatex.EXE (file C:/Users/Matt/latexbooks/pdf/dot2texiex2.pdf
): PDF inclusion: found PDF version <1.6>, but at most version <1.5> allowed
<pdf/dot2texiex2.pdf, id=731, 242.96973pt x 146.65489pt>
File: pdf/dot2texiex2.pdf Graphic file (type pdf)

<use pdf/dot2texiex2.pdf>
Package pdftex.def Info: pdf/dot2texiex2.pdf used on input line 1657.
(pdftex.def)             Requested size: 242.96913pt x 146.65453pt.
 [27 <C:/Users/Matt/latexbooks/pdf/dot2texiex2.pdf>]
Package atveryend Info: Empty hook `BeforeClearDocument' on input line 1704.

[28]
Package atveryend Info: Empty hook `AfterLastShipout' on input line 1704.
 (C:\Users\Matt\latexbooks\usage.aux)
Package atveryend Info: Executing hook `AtVeryEndDocument' on input line 1704.
Package atveryend Info: Executing hook `AtEndAfterFileList' on input line 1704.

Package rerunfilecheck Info: File `usage.out' has not changed.
(rerunfilecheck)             Checksum: B908182E283C3E9F3F17B31AA8713D4B;3263.


LaTeX Font Warning: Some font shapes were not available, defaults substituted.

Package atveryend Info: Empty hook `AtVeryVeryEnd' on input line 1704.
 ) 
Here is how much of TeX's memory you used:
 7533 strings out of 493921
 110439 string characters out of 3144880
 209298 words of memory out of 3000000
 10500 multiletter control sequences out of 15000+200000
 33207 words of font info for 69 fonts, out of 3000000 for 9000
 841 hyphenation exceptions out of 8191
 36i,8n,42p,790b,472s stack positions out of 5000i,500n,10000p,200000b,50000s
<C:/Program Files (x86)/MiKTeX 2.9/fonts/type1/public/amsfonts/cm/cmbx10.pfb>
<C:/Program Files (x86)/MiKTeX 2.9/fonts/type1/public/amsfonts/cm/cmbx12.pfb><C
:/Program Files (x86)/MiKTeX 2.9/fonts/type1/public/amsfonts/cm/cmmi10.pfb><C:/
Program Files (x86)/MiKTeX 2.9/fonts/type1/public/amsfonts/cm/cmmi12.pfb><C:/Pr
ogram Files (x86)/MiKTeX 2.9/fonts/type1/public/amsfonts/cm/cmmi7.pfb><C:/Progr
am Files (x86)/MiKTeX 2.9/fonts/type1/public/amsfonts/cm/cmr10.pfb><C:/Program 
Files (x86)/MiKTeX 2.9/fonts/type1/public/amsfonts/cm/cmr17.pfb><C:/Program Fil
es (x86)/MiKTeX 2.9/fonts/type1/public/amsfonts/cm/cmr5.pfb><C:/Program Files (
x86)/MiKTeX 2.9/fonts/type1/public/amsfonts/cm/cmr7.pfb><C:/Program Files (x86)
/MiKTeX 2.9/fonts/type1/public/amsfonts/cm/cmr8.pfb><C:/Program Files (x86)/MiK
TeX 2.9/fonts/type1/public/amsfonts/cm/cmsl10.pfb><C:/Program Files (x86)/MiKTe
X 2.9/fonts/type1/public/amsfonts/cm/cmss10.pfb><C:/Program Files (x86)/MiKTeX 
2.9/fonts/type1/public/amsfonts/cm/cmssbx10.pfb><C:/Program Files (x86)/MiKTeX 
2.9/fonts/type1/public/amsfonts/cm/cmsy10.pfb><C:/Program Files (x86)/MiKTeX 2.
9/fonts/type1/public/amsfonts/cm/cmtt10.pfb>
Output written on usage.pdf (28 pages, 411239 bytes).
PDF statistics:
 815 PDF objects out of 1000 (max. 8388607)
 160 named destinations out of 1000 (max. 500000)
 502 words of extra memory for PDF output out of 10000 (max. 10000000)

