This is pdfTeX, Version 3.1415926-2.5-1.40.14 (TeX Live 2013) (format=latex 2013.9.25)  27 FEB 2014 11:47
entering extended mode
 restricted \write18 enabled.
 %&-line parsing enabled.
**forLoop
(./forLoop.tex
LaTeX2e <2011/06/27>
Babel <3.9f> and hyphenation patterns for 2 languages loaded.
(/usr/share/texlive/texmf-dist/tex/latex/base/article.cls
Document Class: article 2007/10/19 v1.4h Standard LaTeX document class
(/usr/share/texlive/texmf-dist/tex/latex/base/size10.clo
File: size10.clo 2007/10/19 v1.4h Standard LaTeX file (size option)
)
\c@part=\count79
\c@section=\count80
\c@subsection=\count81
\c@subsubsection=\count82
\c@paragraph=\count83
\c@subparagraph=\count84
\c@figure=\count85
\c@table=\count86
\abovecaptionskip=\skip41
\belowcaptionskip=\skip42
\bibindent=\dimen102
) (../../cmds.sty
\c@ruleNum=\count87
)
(../../DraTex.sty) (../../AlDraTex.sty
\:C=\count99
\:Ca=\count100
\:Cb=\count101
\:Cc=\count102
\:tk=\toks15
\Va=\dimen149
\Vb=\dimen150
\:Vc=\dimen151
\:Vd=\dimen152
\:Ve=\dimen153
\:AddrCount=\count103
) (./forLoop.aux)
\openout1 = `forLoop.aux'.

LaTeX Font Info:    Checking defaults for OML/cmm/m/it on input line 11.
LaTeX Font Info:    ... okay on input line 11.
LaTeX Font Info:    Checking defaults for T1/cmr/m/n on input line 11.
LaTeX Font Info:    ... okay on input line 11.
LaTeX Font Info:    Checking defaults for OT1/cmr/m/n on input line 11.
LaTeX Font Info:    ... okay on input line 11.
LaTeX Font Info:    Checking defaults for OMS/cmsy/m/n on input line 11.
LaTeX Font Info:    ... okay on input line 11.
LaTeX Font Info:    Checking defaults for OMX/cmex/m/n on input line 11.
LaTeX Font Info:    ... okay on input line 11.
LaTeX Font Info:    Checking defaults for U/cmr/m/n on input line 11.
LaTeX Font Info:    ... okay on input line 11.
 [1] (./forLoop.aux) ) 
Here is how much of TeX's memory you used:
 1242 strings out of 495036
 10744 string characters out of 6181728
 90382 words of memory out of 5000000
 4524 multiletter control sequences out of 15000+600000
 3808 words of font info for 15 fonts, out of 8000000 for 9000
 14 hyphenation exceptions out of 8191
 23i,10n,22p,158b,549s stack positions out of 5000i,500n,10000p,200000b,80000s

Output written on forLoop.dvi (1 page, 7264 bytes).
